<?xml version="1.0" encoding="UTF-8"?>
<testsuite xmlns:xsi="http://www.w3.org/2001/XMLSchema-instance" xsi:noNamespaceSchemaLocation="https://maven.apache.org/surefire/maven-surefire-plugin/xsd/surefire-test-report-3.0.xsd" version="3.0" name="com.jofrantoba.fcm.xmpp.TestXmppFcmNotification" time="3.105" tests="1" errors="0" skipped="0" failures="0">
  <properties>
[...]
</properties>
  <testcase name="send1" classname="com.jofrantoba.fcm.xmpp.TestXmppFcmNotification" time="2.378">
    <system-out><![CDATA[2021-10-30 15:59:50,248 main DEBUG Apache Log4j Core 2.14.1 initializing configuration XmlConfiguration[location=E:\MigrarIndiant\jonafcm\fcm-xmpp\target\classes\log4j2.xml]
2021-10-30 15:59:50,362 main DEBUG Installed 2 script engines
2021-10-30 15:59:50,368 main DEBUG Graal.js version: 20.0.0, language: ECMAScript, threading: Not Thread Safe, compile: true, names: [Graal.js, graal.js, Graal-js, graal-js, Graal.JS, Graal-JS, GraalJS, GraalJSPolyglot, js, JS, JavaScript, javascript, ECMAScript, ecmascript], factory class: com.oracle.truffle.js.scriptengine.GraalJSEngineFactory
2021-10-30 15:59:50,590 main DEBUG Oracle Nashorn version: 1.8.0_242, language: ECMAScript, threading: Not Thread Safe, compile: true, names: [nashorn, Nashorn, null, null, null, null, null, null], factory class: jdk.nashorn.api.scripting.NashornScriptEngineFactory
2021-10-30 15:59:50,591 main DEBUG PluginManager 'Core' found 122 plugins
2021-10-30 15:59:50,591 main DEBUG PluginManager 'Level' found 0 plugins
2021-10-30 15:59:50,595 main DEBUG PluginManager 'Lookup' found 16 plugins
2021-10-30 15:59:50,597 main DEBUG Building Plugin[name=layout, class=org.apache.logging.log4j.core.layout.PatternLayout].
2021-10-30 15:59:50,605 main TRACE TypeConverterRegistry initializing.
2021-10-30 15:59:50,605 main DEBUG PluginManager 'TypeConverter' found 26 plugins
2021-10-30 15:59:50,617 main DEBUG PatternLayout$Builder(pattern="[%d{dd/MM/YYYY HH:mm:ss:SSS}][%p][%c] - %m%n", PatternSelector=null, Configuration(E:\MigrarIndiant\jonafcm\fcm-xmpp\target\classes\log4j2.xml), Replace=null, charset="null", alwaysWriteExceptions="null", disableAnsi="null", noConsoleNoAnsi="null", header="null", footer="null")
2021-10-30 15:59:50,617 main DEBUG PluginManager 'Converter' found 44 plugins
2021-10-30 15:59:50,631 main DEBUG Building Plugin[name=appender, class=org.apache.logging.log4j.core.appender.ConsoleAppender].
2021-10-30 15:59:50,641 main DEBUG ConsoleAppender$Builder(target="SYSTEM_OUT", follow="null", direct="null", bufferedIo="null", bufferSize="null", immediateFlush="null", ignoreExceptions="null", PatternLayout([%d{dd/MM/YYYY HH:mm:ss:SSS}][%p][%c] - %m%n), name="Console", Configuration(E:\MigrarIndiant\jonafcm\fcm-xmpp\target\classes\log4j2.xml), Filter=null, ={})
2021-10-30 15:59:50,643 main DEBUG Starting OutputStreamManager SYSTEM_OUT.false.false
2021-10-30 15:59:50,644 main DEBUG Building Plugin[name=appenders, class=org.apache.logging.log4j.core.config.AppendersPlugin].
2021-10-30 15:59:50,646 main DEBUG createAppenders(={Console})
2021-10-30 15:59:50,646 main DEBUG Building Plugin[name=appender-ref, class=org.apache.logging.log4j.core.config.AppenderRef].
2021-10-30 15:59:50,649 main DEBUG createAppenderRef(ref="Console", level="null", Filter=null)
2021-10-30 15:59:50,650 main DEBUG Building Plugin[name=root, class=org.apache.logging.log4j.core.config.LoggerConfig$RootLogger].
2021-10-30 15:59:50,650 main DEBUG createLogger(additivity="null", level="DEBUG", includeLocation="null", ={Console}, ={}, Configuration(E:\MigrarIndiant\jonafcm\fcm-xmpp\target\classes\log4j2.xml), Filter=null)
2021-10-30 15:59:50,652 main DEBUG Building Plugin[name=loggers, class=org.apache.logging.log4j.core.config.LoggersPlugin].
2021-10-30 15:59:50,654 main DEBUG createLoggers(={root})
2021-10-30 15:59:50,654 main DEBUG Configuration XmlConfiguration[location=E:\MigrarIndiant\jonafcm\fcm-xmpp\target\classes\log4j2.xml] initialized
2021-10-30 15:59:50,655 main DEBUG Starting configuration XmlConfiguration[location=E:\MigrarIndiant\jonafcm\fcm-xmpp\target\classes\log4j2.xml]
2021-10-30 15:59:50,656 main DEBUG Log4j2 ConfigurationScheduler starting 1 threads
2021-10-30 15:59:50,657 main DEBUG Started configuration XmlConfiguration[location=E:\MigrarIndiant\jonafcm\fcm-xmpp\target\classes\log4j2.xml] OK.
2021-10-30 15:59:50,658 main TRACE Stopping org.apache.logging.log4j.core.config.DefaultConfiguration@29626d54...
2021-10-30 15:59:50,659 main TRACE DefaultConfiguration notified 1 ReliabilityStrategies that config will be stopped.
2021-10-30 15:59:50,659 main TRACE DefaultConfiguration stopping root LoggerConfig.
2021-10-30 15:59:50,660 main TRACE DefaultConfiguration notifying ReliabilityStrategies that appenders will be stopped.
2021-10-30 15:59:50,660 main TRACE DefaultConfiguration stopping remaining Appenders.
2021-10-30 15:59:50,661 main DEBUG Shutting down OutputStreamManager SYSTEM_OUT.false.false-1
2021-10-30 15:59:50,661 main DEBUG OutputStream closed
2021-10-30 15:59:50,661 main DEBUG Shut down OutputStreamManager SYSTEM_OUT.false.false-1, all resources released: true
2021-10-30 15:59:50,661 main DEBUG Appender DefaultConsole-1 stopped with status true
2021-10-30 15:59:50,662 main TRACE DefaultConfiguration stopped 1 remaining Appenders.
2021-10-30 15:59:50,662 main TRACE DefaultConfiguration cleaning Appenders from 1 LoggerConfigs.
2021-10-30 15:59:50,662 main DEBUG Stopped org.apache.logging.log4j.core.config.DefaultConfiguration@29626d54 OK
2021-10-30 15:59:50,690 main TRACE Reregistering MBeans after reconfigure. Selector=org.apache.logging.log4j.core.selector.ClassLoaderContextSelector@4426bff1
2021-10-30 15:59:50,690 main TRACE Reregistering context (1/1): '3d4eac69' org.apache.logging.log4j.core.LoggerContext@3c7c886c
2021-10-30 15:59:50,690 main TRACE Unregistering but no MBeans found matching 'org.apache.logging.log4j2:type=3d4eac69'
2021-10-30 15:59:50,691 main TRACE Unregistering but no MBeans found matching 'org.apache.logging.log4j2:type=3d4eac69,component=StatusLogger'
2021-10-30 15:59:50,691 main TRACE Unregistering but no MBeans found matching 'org.apache.logging.log4j2:type=3d4eac69,component=ContextSelector'
2021-10-30 15:59:50,692 main TRACE Unregistering but no MBeans found matching 'org.apache.logging.log4j2:type=3d4eac69,component=Loggers,name=*'
2021-10-30 15:59:50,693 main TRACE Unregistering but no MBeans found matching 'org.apache.logging.log4j2:type=3d4eac69,component=Appenders,name=*'
2021-10-30 15:59:50,693 main TRACE Unregistering but no MBeans found matching 'org.apache.logging.log4j2:type=3d4eac69,component=AsyncAppenders,name=*'
2021-10-30 15:59:50,693 main TRACE Unregistering but no MBeans found matching 'org.apache.logging.log4j2:type=3d4eac69,component=AsyncLoggerRingBuffer'
2021-10-30 15:59:50,694 main TRACE Unregistering but no MBeans found matching 'org.apache.logging.log4j2:type=3d4eac69,component=Loggers,name=*,subtype=RingBuffer'
2021-10-30 15:59:50,695 main DEBUG Registering MBean org.apache.logging.log4j2:type=3d4eac69
2021-10-30 15:59:50,697 main DEBUG Registering MBean org.apache.logging.log4j2:type=3d4eac69,component=StatusLogger
2021-10-30 15:59:50,699 main DEBUG Registering MBean org.apache.logging.log4j2:type=3d4eac69,component=ContextSelector
2021-10-30 15:59:50,700 main DEBUG Registering MBean org.apache.logging.log4j2:type=3d4eac69,component=Loggers,name=
2021-10-30 15:59:50,702 main DEBUG Registering MBean org.apache.logging.log4j2:type=3d4eac69,component=Appenders,name=Console
2021-10-30 15:59:50,704 main TRACE Using default SystemClock for timestamps.
2021-10-30 15:59:50,704 main DEBUG org.apache.logging.log4j.core.util.SystemClock does not support precise timestamps.
2021-10-30 15:59:50,704 main TRACE Using DummyNanoClock for nanosecond timestamps.
2021-10-30 15:59:50,704 main DEBUG Reconfiguration complete for context[name=3d4eac69] at URI E:\MigrarIndiant\jonafcm\fcm-xmpp\target\classes\log4j2.xml (org.apache.logging.log4j.core.LoggerContext@3c7c886c) with optional ClassLoader: null
2021-10-30 15:59:50,705 main DEBUG Shutdown hook enabled. Registering a new one.
2021-10-30 15:59:50,706 main DEBUG LoggerContext[name=3d4eac69, org.apache.logging.log4j.core.LoggerContext@3c7c886c] started OK.
[30/10/2021 15:59:52:611][DEBUG][com.jofrantoba.fcm.xmpp.XmppFcmNotification] - Connection counter:0
[30/10/2021 15:59:52:628][DEBUG][com.jofrantoba.fcm.xmpp.XmppFcmNotification] - Packet reply timeout:5000
[30/10/2021 15:59:52:629][DEBUG][com.jofrantoba.fcm.xmpp.XmppFcmNotification] - Last Stanza Received:0
[30/10/2021 15:59:52:629][DEBUG][com.jofrantoba.fcm.xmpp.XmppFcmNotification] - Stream Id:0FF35961F5F44CD5
[30/10/2021 15:59:53:066][INFO][com.jofrantoba.fcm.xmpp.TestXmppFcmNotification] - Send Message
]]></system-out>
  </testcase>
</testsuite>