<?xml version="1.0" encoding="UTF-8"?>
<testsuite xmlns:xsi="http://www.w3.org/2001/XMLSchema-instance" xsi:noNamespaceSchemaLocation="https://maven.apache.org/surefire/maven-surefire-plugin/xsd/surefire-test-report-3.0.xsd" version="3.0" name="com.jofrantoba.fcm.http.TestHttpFcmConnection" time="2.581" tests="1" errors="0" skipped="0" failures="0">
  <properties>
[...]
</properties>
  <testcase name="send1" classname="com.jofrantoba.fcm.http.TestHttpFcmConnection" time="1.875">
    <system-out><![CDATA[2021-10-30 15:59:42,299 main DEBUG Apache Log4j Core 2.14.1 initializing configuration XmlConfiguration[location=E:\MigrarIndiant\jonafcm\fcm-http\target\classes\log4j2.xml]
2021-10-30 15:59:42,399 main DEBUG Installed 2 script engines
2021-10-30 15:59:42,619 main DEBUG Oracle Nashorn version: 1.8.0_242, language: ECMAScript, threading: Not Thread Safe, compile: true, names: [nashorn, Nashorn, null, null, null, null, null, null], factory class: jdk.nashorn.api.scripting.NashornScriptEngineFactory
2021-10-30 15:59:42,624 main DEBUG Graal.js version: 20.0.0, language: ECMAScript, threading: Not Thread Safe, compile: true, names: [Graal.js, graal.js, Graal-js, graal-js, Graal.JS, Graal-JS, GraalJS, GraalJSPolyglot, js, JS, JavaScript, javascript, ECMAScript, ecmascript], factory class: com.oracle.truffle.js.scriptengine.GraalJSEngineFactory
2021-10-30 15:59:42,624 main DEBUG PluginManager 'Core' found 122 plugins
2021-10-30 15:59:42,625 main DEBUG PluginManager 'Level' found 0 plugins
2021-10-30 15:59:42,629 main DEBUG PluginManager 'Lookup' found 16 plugins
2021-10-30 15:59:42,630 main DEBUG Building Plugin[name=layout, class=org.apache.logging.log4j.core.layout.PatternLayout].
2021-10-30 15:59:42,639 main TRACE TypeConverterRegistry initializing.
2021-10-30 15:59:42,640 main DEBUG PluginManager 'TypeConverter' found 26 plugins
2021-10-30 15:59:42,649 main DEBUG PatternLayout$Builder(pattern="[%d{dd/MM/YYYY HH:mm:ss:SSS}][%p][%c] - %m%n", PatternSelector=null, Configuration(E:\MigrarIndiant\jonafcm\fcm-http\target\classes\log4j2.xml), Replace=null, charset="null", alwaysWriteExceptions="null", disableAnsi="null", noConsoleNoAnsi="null", header="null", footer="null")
2021-10-30 15:59:42,650 main DEBUG PluginManager 'Converter' found 44 plugins
2021-10-30 15:59:42,664 main DEBUG Building Plugin[name=appender, class=org.apache.logging.log4j.core.appender.ConsoleAppender].
2021-10-30 15:59:42,671 main DEBUG ConsoleAppender$Builder(target="SYSTEM_OUT", follow="null", direct="null", bufferedIo="null", bufferSize="null", immediateFlush="null", ignoreExceptions="null", PatternLayout([%d{dd/MM/YYYY HH:mm:ss:SSS}][%p][%c] - %m%n), name="Console", Configuration(E:\MigrarIndiant\jonafcm\fcm-http\target\classes\log4j2.xml), Filter=null, ={})
2021-10-30 15:59:42,673 main DEBUG Starting OutputStreamManager SYSTEM_OUT.false.false
2021-10-30 15:59:42,673 main DEBUG Building Plugin[name=appenders, class=org.apache.logging.log4j.core.config.AppendersPlugin].
2021-10-30 15:59:42,675 main DEBUG createAppenders(={Console})
2021-10-30 15:59:42,675 main DEBUG Building Plugin[name=appender-ref, class=org.apache.logging.log4j.core.config.AppenderRef].
2021-10-30 15:59:42,678 main DEBUG createAppenderRef(ref="Console", level="null", Filter=null)
2021-10-30 15:59:42,678 main DEBUG Building Plugin[name=root, class=org.apache.logging.log4j.core.config.LoggerConfig$RootLogger].
2021-10-30 15:59:42,679 main DEBUG createLogger(additivity="null", level="DEBUG", includeLocation="null", ={Console}, ={}, Configuration(E:\MigrarIndiant\jonafcm\fcm-http\target\classes\log4j2.xml), Filter=null)
2021-10-30 15:59:42,680 main DEBUG Building Plugin[name=loggers, class=org.apache.logging.log4j.core.config.LoggersPlugin].
2021-10-30 15:59:42,681 main DEBUG createLoggers(={root})
2021-10-30 15:59:42,682 main DEBUG Configuration XmlConfiguration[location=E:\MigrarIndiant\jonafcm\fcm-http\target\classes\log4j2.xml] initialized
2021-10-30 15:59:42,682 main DEBUG Starting configuration XmlConfiguration[location=E:\MigrarIndiant\jonafcm\fcm-http\target\classes\log4j2.xml]
2021-10-30 15:59:42,683 main DEBUG Log4j2 ConfigurationScheduler starting 1 threads
2021-10-30 15:59:42,685 main DEBUG Started configuration XmlConfiguration[location=E:\MigrarIndiant\jonafcm\fcm-http\target\classes\log4j2.xml] OK.
2021-10-30 15:59:42,685 main TRACE Stopping org.apache.logging.log4j.core.config.DefaultConfiguration@3ba9ad43...
2021-10-30 15:59:42,686 main TRACE DefaultConfiguration notified 1 ReliabilityStrategies that config will be stopped.
2021-10-30 15:59:42,686 main TRACE DefaultConfiguration stopping root LoggerConfig.
2021-10-30 15:59:42,686 main TRACE DefaultConfiguration notifying ReliabilityStrategies that appenders will be stopped.
2021-10-30 15:59:42,687 main TRACE DefaultConfiguration stopping remaining Appenders.
2021-10-30 15:59:42,687 main DEBUG Shutting down OutputStreamManager SYSTEM_OUT.false.false-1
2021-10-30 15:59:42,688 main DEBUG OutputStream closed
2021-10-30 15:59:42,688 main DEBUG Shut down OutputStreamManager SYSTEM_OUT.false.false-1, all resources released: true
2021-10-30 15:59:42,688 main DEBUG Appender DefaultConsole-1 stopped with status true
2021-10-30 15:59:42,688 main TRACE DefaultConfiguration stopped 1 remaining Appenders.
2021-10-30 15:59:42,689 main TRACE DefaultConfiguration cleaning Appenders from 1 LoggerConfigs.
2021-10-30 15:59:42,689 main DEBUG Stopped org.apache.logging.log4j.core.config.DefaultConfiguration@3ba9ad43 OK
2021-10-30 15:59:42,717 main TRACE Reregistering MBeans after reconfigure. Selector=org.apache.logging.log4j.core.selector.ClassLoaderContextSelector@2b76ff4e
2021-10-30 15:59:42,718 main TRACE Reregistering context (1/1): '3d4eac69' org.apache.logging.log4j.core.LoggerContext@7a1234bf
2021-10-30 15:59:42,718 main TRACE Unregistering but no MBeans found matching 'org.apache.logging.log4j2:type=3d4eac69'
2021-10-30 15:59:42,719 main TRACE Unregistering but no MBeans found matching 'org.apache.logging.log4j2:type=3d4eac69,component=StatusLogger'
2021-10-30 15:59:42,719 main TRACE Unregistering but no MBeans found matching 'org.apache.logging.log4j2:type=3d4eac69,component=ContextSelector'
2021-10-30 15:59:42,719 main TRACE Unregistering but no MBeans found matching 'org.apache.logging.log4j2:type=3d4eac69,component=Loggers,name=*'
2021-10-30 15:59:42,720 main TRACE Unregistering but no MBeans found matching 'org.apache.logging.log4j2:type=3d4eac69,component=Appenders,name=*'
2021-10-30 15:59:42,720 main TRACE Unregistering but no MBeans found matching 'org.apache.logging.log4j2:type=3d4eac69,component=AsyncAppenders,name=*'
2021-10-30 15:59:42,721 main TRACE Unregistering but no MBeans found matching 'org.apache.logging.log4j2:type=3d4eac69,component=AsyncLoggerRingBuffer'
2021-10-30 15:59:42,721 main TRACE Unregistering but no MBeans found matching 'org.apache.logging.log4j2:type=3d4eac69,component=Loggers,name=*,subtype=RingBuffer'
2021-10-30 15:59:42,722 main DEBUG Registering MBean org.apache.logging.log4j2:type=3d4eac69
2021-10-30 15:59:42,724 main DEBUG Registering MBean org.apache.logging.log4j2:type=3d4eac69,component=StatusLogger
2021-10-30 15:59:42,725 main DEBUG Registering MBean org.apache.logging.log4j2:type=3d4eac69,component=ContextSelector
2021-10-30 15:59:42,727 main DEBUG Registering MBean org.apache.logging.log4j2:type=3d4eac69,component=Loggers,name=
2021-10-30 15:59:42,728 main DEBUG Registering MBean org.apache.logging.log4j2:type=3d4eac69,component=Appenders,name=Console
2021-10-30 15:59:42,730 main TRACE Using default SystemClock for timestamps.
2021-10-30 15:59:42,730 main DEBUG org.apache.logging.log4j.core.util.SystemClock does not support precise timestamps.
2021-10-30 15:59:42,730 main TRACE Using DummyNanoClock for nanosecond timestamps.
2021-10-30 15:59:42,730 main DEBUG Reconfiguration complete for context[name=3d4eac69] at URI E:\MigrarIndiant\jonafcm\fcm-http\target\classes\log4j2.xml (org.apache.logging.log4j.core.LoggerContext@7a1234bf) with optional ClassLoader: null
2021-10-30 15:59:42,731 main DEBUG Shutdown hook enabled. Registering a new one.
2021-10-30 15:59:42,732 main DEBUG LoggerContext[name=3d4eac69, org.apache.logging.log4j.core.LoggerContext@7a1234bf] started OK.
{"notification":{"color":"#ffffff","sound":"default","title":"INDIANT","body":"HOLA MUNDO"},"data":{"idNotification":121354654},"registration_ids":["fsOJ_pDTlKk:APA91bGM-8FhUpBTxl2TSh0GkVNuWkRXGoDCq953yZyUeltUzF2BUhpvwvzDzktSd-s8E5oh7g3VXNNdebHvRElpo_OY9KGKLYmOq1QoGnisorhxm1G2FWk2VVgX5xk1j3bBnbc-r5Jc","fsOJ_pDTlKk:APA91bGM-8FhUpBTxl2TSh0GkVNuWkRXGoDCq953yZyUeltUzF2BUhpvwvzDzktSd-s8E5oh7g3VXNNdebHvRElpo_OY9KGKLYmOq1QoGnisorhxm1G2FWk2VVgX5xk1j3bBnbc-r5Jc","fsOJ_pDTlKk:APA91bGM-8FhUpBTxl2TSh0GkVNuWkRXGoDCq953yZyUeltUzF2BUhpvwvzDzktSd-s8E5oh7g3VXNNdebHvRElpo_OY9KGKLYmOq1QoGnisorhxm1G2FWk2VVgX5xk1j3bBnbc-r5Jc","fsOJ_pDTlKk:APA91bGM-8FhUpBTxl2TSh0GkVNuWkRXGoDCq953yZyUeltUzF2BUhpvwvzDzktSd-s8E5oh7g3VXNNdebHvRElpo_OY9KGKLYmOq1QoGnisorhxm1G2FWk2VVgX5xk1j3bBnbc-r5Jc","fsOJ_pDTlKk:APA91bGM-8FhUpBTxl2TSh0GkVNuWkRXGoDCq953yZyUeltUzF2BUhpvwvzDzktSd-s8E5oh7g3VXNNdebHvRElpo_OY9KGKLYmOq1QoGnisorhxm1G2FWk2VVgX5xk1j3bBnbc-r5Jc","fsOJ_pDTlKk:APA91bGM-8FhUpBTxl2TSh0GkVNuWkRXGoDCq953yZyUeltUzF2BUhpvwvzDzktSd-s8E5oh7g3VXNNdebHvRElpo_OY9KGKLYmOq1QoGnisorhxm1G2FWk2VVgX5xk1j3bBnbc-r5Jc","fsOJ_pDTlKk:APA91bGM-8FhUpBTxl2TSh0GkVNuWkRXGoDCq953yZyUeltUzF2BUhpvwvzDzktSd-s8E5oh7g3VXNNdebHvRElpo_OY9KGKLYmOq1QoGnisorhxm1G2FWk2VVgX5xk1j3bBnbc-r5Jc","eS1lnW8_D7A:APA91bGKBvdP1ZT26eFcHRXKYD1pny1oUdegL95BsBdPPIGoe0IL4EJKCBZfscsfrRMsxNUjaixvFhn9vayRQYmVFiiZQlOmOKFyRfSrUgh8kldnP1kF9TfJorsj0l8AifXzQKFFomQH"],"restricted_package_name":"com.indiant","priority":10}
[30/10/2021 15:59:44:589][INFO][com.jofrantoba.fcm.http.TestHttpFcmConnection] - ID:fsOJ_pDTlKk:APA91bGM-8FhUpBTxl2TSh0GkVNuWkRXGoDCq953yZyUeltUzF2BUhpvwvzDzktSd-s8E5oh7g3VXNNdebHvRElpo_OY9KGKLYmOq1QoGnisorhxm1G2FWk2VVgX5xk1j3bBnbc-r5Jc
[30/10/2021 15:59:44:595][INFO][com.jofrantoba.fcm.http.TestHttpFcmConnection] - Status Message:NotRegistered
[30/10/2021 15:59:44:596][INFO][com.jofrantoba.fcm.http.TestHttpFcmConnection] - Is Correct:false
[30/10/2021 15:59:44:596][INFO][com.jofrantoba.fcm.http.TestHttpFcmConnection] - ID:fsOJ_pDTlKk:APA91bGM-8FhUpBTxl2TSh0GkVNuWkRXGoDCq953yZyUeltUzF2BUhpvwvzDzktSd-s8E5oh7g3VXNNdebHvRElpo_OY9KGKLYmOq1QoGnisorhxm1G2FWk2VVgX5xk1j3bBnbc-r5Jc
[30/10/2021 15:59:44:596][INFO][com.jofrantoba.fcm.http.TestHttpFcmConnection] - Status Message:NotRegistered
[30/10/2021 15:59:44:596][INFO][com.jofrantoba.fcm.http.TestHttpFcmConnection] - Is Correct:false
[30/10/2021 15:59:44:596][INFO][com.jofrantoba.fcm.http.TestHttpFcmConnection] - ID:fsOJ_pDTlKk:APA91bGM-8FhUpBTxl2TSh0GkVNuWkRXGoDCq953yZyUeltUzF2BUhpvwvzDzktSd-s8E5oh7g3VXNNdebHvRElpo_OY9KGKLYmOq1QoGnisorhxm1G2FWk2VVgX5xk1j3bBnbc-r5Jc
[30/10/2021 15:59:44:597][INFO][com.jofrantoba.fcm.http.TestHttpFcmConnection] - Status Message:NotRegistered
[30/10/2021 15:59:44:597][INFO][com.jofrantoba.fcm.http.TestHttpFcmConnection] - Is Correct:false
[30/10/2021 15:59:44:597][INFO][com.jofrantoba.fcm.http.TestHttpFcmConnection] - ID:fsOJ_pDTlKk:APA91bGM-8FhUpBTxl2TSh0GkVNuWkRXGoDCq953yZyUeltUzF2BUhpvwvzDzktSd-s8E5oh7g3VXNNdebHvRElpo_OY9KGKLYmOq1QoGnisorhxm1G2FWk2VVgX5xk1j3bBnbc-r5Jc
[30/10/2021 15:59:44:597][INFO][com.jofrantoba.fcm.http.TestHttpFcmConnection] - Status Message:NotRegistered
[30/10/2021 15:59:44:598][INFO][com.jofrantoba.fcm.http.TestHttpFcmConnection] - Is Correct:false
[30/10/2021 15:59:44:598][INFO][com.jofrantoba.fcm.http.TestHttpFcmConnection] - ID:fsOJ_pDTlKk:APA91bGM-8FhUpBTxl2TSh0GkVNuWkRXGoDCq953yZyUeltUzF2BUhpvwvzDzktSd-s8E5oh7g3VXNNdebHvRElpo_OY9KGKLYmOq1QoGnisorhxm1G2FWk2VVgX5xk1j3bBnbc-r5Jc
[30/10/2021 15:59:44:598][INFO][com.jofrantoba.fcm.http.TestHttpFcmConnection] - Status Message:NotRegistered
[30/10/2021 15:59:44:598][INFO][com.jofrantoba.fcm.http.TestHttpFcmConnection] - Is Correct:false
[30/10/2021 15:59:44:598][INFO][com.jofrantoba.fcm.http.TestHttpFcmConnection] - ID:fsOJ_pDTlKk:APA91bGM-8FhUpBTxl2TSh0GkVNuWkRXGoDCq953yZyUeltUzF2BUhpvwvzDzktSd-s8E5oh7g3VXNNdebHvRElpo_OY9KGKLYmOq1QoGnisorhxm1G2FWk2VVgX5xk1j3bBnbc-r5Jc
[30/10/2021 15:59:44:599][INFO][com.jofrantoba.fcm.http.TestHttpFcmConnection] - Status Message:NotRegistered
[30/10/2021 15:59:44:599][INFO][com.jofrantoba.fcm.http.TestHttpFcmConnection] - Is Correct:false
[30/10/2021 15:59:44:599][INFO][com.jofrantoba.fcm.http.TestHttpFcmConnection] - ID:fsOJ_pDTlKk:APA91bGM-8FhUpBTxl2TSh0GkVNuWkRXGoDCq953yZyUeltUzF2BUhpvwvzDzktSd-s8E5oh7g3VXNNdebHvRElpo_OY9KGKLYmOq1QoGnisorhxm1G2FWk2VVgX5xk1j3bBnbc-r5Jc
[30/10/2021 15:59:44:599][INFO][com.jofrantoba.fcm.http.TestHttpFcmConnection] - Status Message:NotRegistered
[30/10/2021 15:59:44:599][INFO][com.jofrantoba.fcm.http.TestHttpFcmConnection] - Is Correct:false
[30/10/2021 15:59:44:600][INFO][com.jofrantoba.fcm.http.TestHttpFcmConnection] - ID:eS1lnW8_D7A:APA91bGKBvdP1ZT26eFcHRXKYD1pny1oUdegL95BsBdPPIGoe0IL4EJKCBZfscsfrRMsxNUjaixvFhn9vayRQYmVFiiZQlOmOKFyRfSrUgh8kldnP1kF9TfJorsj0l8AifXzQKFFomQH
[30/10/2021 15:59:44:600][INFO][com.jofrantoba.fcm.http.TestHttpFcmConnection] - Status Message:NotRegistered
[30/10/2021 15:59:44:600][INFO][com.jofrantoba.fcm.http.TestHttpFcmConnection] - Is Correct:false
[30/10/2021 15:59:44:600][INFO][com.jofrantoba.fcm.http.TestHttpFcmConnection] - DataResponse:DataResponse(multicast_id=6536850847437652531, success=0, failure=8, canonical_ids=0, results=[Result(message_id=null, error=NotRegistered, registration_id=null), Result(message_id=null, error=NotRegistered, registration_id=null), Result(message_id=null, error=NotRegistered, registration_id=null), Result(message_id=null, error=NotRegistered, registration_id=null), Result(message_id=null, error=NotRegistered, registration_id=null), Result(message_id=null, error=NotRegistered, registration_id=null), Result(message_id=null, error=NotRegistered, registration_id=null), Result(message_id=null, error=NotRegistered, registration_id=null)], message_id=null)
]]></system-out>
  </testcase>
</testsuite>